<?xml version="1.0" encoding="UTF-8"?>
<!-- Generated by org.testng.reporters.JUnitReportReporter -->
<testsuite hostname="PREETISH" name="frameWork.TestApplication" tests="3" failures="0" timestamp="2 Dec 2016 09:14:50 GMT" time="34.156" errors="0">
  <testcase name="Product" time="16.524" classname="frameWork.TestApplication"/>
  <testcase name="LoginTOApp" time="10.090" classname="frameWork.TestApplication"/>
  <testcase name="Shipping" time="7.542" classname="frameWork.TestApplication"/>
</testsuite> <!-- frameWork.TestApplication -->
